<?xml version="1.0" encoding="UTF-8"?><testsuite errors="0" failures="3" name="Servicio de seteo de información por satélite" skipped="0" tests="9" time="4.98" timestamp="2022-06-21 01:07:35"><testcase name="Validar correcto funcionamiento del servicio de seteo del satélite &lt;satellite&gt;"/><testcase name="Validar respuesta de error cuando se setea el inexistente satélite &lt;satellite&gt;"><failure message="expected: &lt;&gt; but was: &lt;[&quot;Información guardada correctamente para vader&quot;]&gt;" type="org.opentest4j.AssertionFailedError">expected: &lt;&gt; but was: &lt;["Información guardada correctamente para vader"]&gt;</failure><system-err>expected: &lt;&gt; but was: &lt;["Información guardada correctamente para vader"]&gt;
net.alexanderandrade.api.features.utils.AssertionsUtil.validateJSONSchema(AssertionsUtil.java:79)
net.alexanderandrade.api.features.utils.AssertionsUtil.verifyFullNotFoundResourceResponse(AssertionsUtil.java:124)
net.alexanderandrade.api.features.steps.postsatelliteinfo.SetSatelliteInfoAssertions.verifyResourceNotFound(SetSatelliteInfoAssertions.java:22)
net.alexanderandrade.api.features.steps.postsatelliteinfo.SetSatelliteInfoSteps.verifyWrongResponse(SetSatelliteInfoSteps.java:32)
io.cucumber.java.Invoker.doInvoke(Invoker.java:66)
io.cucumber.java.Invoker.invoke(Invoker.java:24)
io.cucumber.java.AbstractGlueDefinition.invokeMethod(AbstractGlueDefinition.java:47)
io.cucumber.java.JavaStepDefinition.execute(JavaStepDefinition.java:29)
io.cucumber.core.runner.CoreStepDefinition.execute(CoreStepDefinition.java:66)
io.cucumber.core.runner.PickleStepDefinitionMatch.runStep(PickleStepDefinitionMatch.java:63)
io.cucumber.core.runner.TestStep.executeStep(TestStep.java:92)
io.cucumber.core.runner.TestStep.run(TestStep.java:64)
io.cucumber.core.runner.PickleStepTestStep.run(PickleStepTestStep.java:51)
io.cucumber.core.runner.TestCase.run(TestCase.java:104)
io.cucumber.core.runner.Runner.runPickle(Runner.java:71)
io.cucumber.junit.FeatureRunner.runChild(FeatureRunner.java:135)
io.cucumber.junit.FeatureRunner.runChild(FeatureRunner.java:27)
io.cucumber.junit.CucumberSerenityRunner.runChild(CucumberSerenityRunner.java:234)
io.cucumber.junit.CucumberSerenityRunner.runChild(CucumberSerenityRunner.java:57)
worker.org.gradle.process.internal.worker.GradleWorkerMain.run(GradleWorkerMain.java:69)
worker.org.gradle.process.internal.worker.GradleWorkerMain.main(GradleWorkerMain.java:74)
</system-err></testcase><testcase name="Validar respuesta consulta mal formada para seteo de info del satélite &lt;satellite&gt;"/></testsuite>