<?xml version="1.0" encoding="UTF-8"?><testsuite errors="0" failures="4" name="Servicio de información por satélite" skipped="0" tests="7" time="8.81" timestamp="2022-06-21 01:07:24"><testcase name="Validar correcto funcionamiento del servicio de información del satélite &lt;satellite&gt;"/><testcase name="Validar funcionamiento de error de consulta del servicio de información de un satélite inexistente"><failure message="expected: &lt;&gt; but was: &lt;{&quot;position&quot;:{&quot;x&quot;:304.13812,&quot;y&quot;:1748.7942},&quot;message&quot;:&quot;este este es un mensaje&quot;}&gt;" type="org.opentest4j.AssertionFailedError">expected: &lt;&gt; but was: &lt;{"position":{"x":304.13812,"y":1748.7942},"message":"este este es un mensaje"}&gt;</failure><system-err>expected: &lt;&gt; but was: &lt;{"position":{"x":304.13812,"y":1748.7942},"message":"este este es un mensaje"}&gt;
net.alexanderandrade.api.features.utils.AssertionsUtil.validateJSONSchema(AssertionsUtil.java:79)
net.alexanderandrade.api.features.utils.AssertionsUtil.verifyFullNotFoundResourceResponse(AssertionsUtil.java:124)
net.alexanderandrade.api.features.steps.getsatelliteinfo.GetSatelliteInfoAssertions.verifyResourceNotFound(GetSatelliteInfoAssertions.java:24)
net.alexanderandrade.api.features.steps.getsatelliteinfo.GetSatelliteSteps.verifyResourceNotFound(GetSatelliteSteps.java:32)
io.cucumber.java.Invoker.doInvoke(Invoker.java:66)
io.cucumber.java.Invoker.invoke(Invoker.java:24)
io.cucumber.java.AbstractGlueDefinition.invokeMethod(AbstractGlueDefinition.java:47)
io.cucumber.java.JavaStepDefinition.execute(JavaStepDefinition.java:29)
io.cucumber.core.runner.CoreStepDefinition.execute(CoreStepDefinition.java:66)
io.cucumber.core.runner.PickleStepDefinitionMatch.runStep(PickleStepDefinitionMatch.java:63)
io.cucumber.core.runner.TestStep.executeStep(TestStep.java:92)
io.cucumber.core.runner.TestStep.run(TestStep.java:64)
io.cucumber.core.runner.PickleStepTestStep.run(PickleStepTestStep.java:51)
io.cucumber.core.runner.TestCase.run(TestCase.java:104)
io.cucumber.core.runner.Runner.runPickle(Runner.java:71)
io.cucumber.junit.FeatureRunner.runChild(FeatureRunner.java:135)
io.cucumber.junit.FeatureRunner.runChild(FeatureRunner.java:27)
io.cucumber.junit.CucumberSerenityRunner.runChild(CucumberSerenityRunner.java:234)
io.cucumber.junit.CucumberSerenityRunner.runChild(CucumberSerenityRunner.java:57)
worker.org.gradle.process.internal.worker.GradleWorkerMain.run(GradleWorkerMain.java:69)
worker.org.gradle.process.internal.worker.GradleWorkerMain.main(GradleWorkerMain.java:74)
</system-err></testcase></testsuite>