<?xml version="1.0" encoding="UTF-8"?><testsuite errors="0" failures="1" name="Servicio de seteo de información para varios satélites" skipped="0" tests="3" time="1.79" timestamp="2022-06-21 01:07:33"><testcase name="Validar correcto funcionamiento del servicio de seteo de varios satélites"/><testcase name="Validar respuesta de error cuando se setea información para satélites inexistentes"/><testcase name="Validar respuesta consulta mal formada para seteo de info de varios satélites"><failure message="&#10;Expected: &lt;400&gt;&#10;     but: was &lt;404&gt;" type="java.lang.AssertionError">
Expected: &lt;400&gt;
     but: was &lt;404&gt;</failure><system-err>
Expected: &lt;400&gt;
     but: was &lt;404&gt;
net.alexanderandrade.api.features.utils.AssertionsUtil.shouldSeeBadRequestCode(AssertionsUtil.java:62)
net.alexanderandrade.api.features.utils.AssertionsUtil.verifyFullBadRequestResponse(AssertionsUtil.java:95)
net.alexanderandrade.api.features.steps.postallsatellitesinfo.SetAllSatellitesInfoAssertions.verifyBadRequestResponse(SetAllSatellitesInfoAssertions.java:24)
net.alexanderandrade.api.features.steps.postallsatellitesinfo.SetAllSatellitesInfoSteps.verifyBadRequestResponse(SetAllSatellitesInfoSteps.java:42)
io.cucumber.java.Invoker.doInvoke(Invoker.java:66)
io.cucumber.java.Invoker.invoke(Invoker.java:24)
io.cucumber.java.AbstractGlueDefinition.invokeMethod(AbstractGlueDefinition.java:47)
io.cucumber.java.JavaStepDefinition.execute(JavaStepDefinition.java:29)
io.cucumber.core.runner.CoreStepDefinition.execute(CoreStepDefinition.java:66)
io.cucumber.core.runner.PickleStepDefinitionMatch.runStep(PickleStepDefinitionMatch.java:63)
io.cucumber.core.runner.TestStep.executeStep(TestStep.java:92)
io.cucumber.core.runner.TestStep.run(TestStep.java:64)
io.cucumber.core.runner.PickleStepTestStep.run(PickleStepTestStep.java:51)
io.cucumber.core.runner.TestCase.run(TestCase.java:104)
io.cucumber.core.runner.Runner.runPickle(Runner.java:71)
io.cucumber.junit.FeatureRunner.runChild(FeatureRunner.java:135)
io.cucumber.junit.FeatureRunner.runChild(FeatureRunner.java:27)
io.cucumber.junit.CucumberSerenityRunner.runChild(CucumberSerenityRunner.java:234)
io.cucumber.junit.CucumberSerenityRunner.runChild(CucumberSerenityRunner.java:57)
worker.org.gradle.process.internal.worker.GradleWorkerMain.run(GradleWorkerMain.java:69)
worker.org.gradle.process.internal.worker.GradleWorkerMain.main(GradleWorkerMain.java:74)
</system-err></testcase></testsuite>